{
  "RSpec": {
    "coverage": {
      "/home/fuck/Rouby/projektsemestralny-lecimnaszczecin/lib/projekt.rb": [
        1,
        1,
        1,
        null,
        1,
        null,
        null,
        1,
        2,
        null,
        null,
        2,
        2,
        2,
        2,
        null,
        null,
        2,
        2,
        2,
        null,
        null,
        null,
        2,
        2,
        2,
        null,
        null,
        2,
        2,
        2,
        2,
        2,
        null,
        null,
        2,
        2,
        2,
        2,
        null,
        2,
        null,
        null,
        null,
        1,
        1,
        1,
        1,
        1,
        1,
        null,
        null,
        1,
        null,
        2,
        2,
        null,
        2,
        2,
        null,
        2,
        2,
        2,
        null,
        2,
        2,
        2,
        null,
        2,
        2,
        2,
        null,
        2,
        2,
        2,
        null,
        2,
        2,
        null,
        null,
        1,
        34,
        33,
        null,
        1,
        1,
        null,
        null,
        1,
        18,
        18,
        18,
        18,
        null,
        null,
        null,
        1,
        1,
        1,
        1,
        1,
        null,
        null,
        null,
        null,
        1,
        1,
        null,
        null,
        1,
        1,
        1,
        null,
        null,
        1,
        6,
        6,
        6,
        1,
        null,
        5,
        5,
        null,
        null,
        null,
        1,
        1,
        1,
        1,
        null,
        null,
        1,
        5,
        5,
        5,
        2,
        null,
        null,
        3,
        null,
        3,
        3,
        null,
        null,
        null,
        1,
        7,
        null,
        null,
        1,
        2,
        null,
        null,
        1,
        8,
        8,
        3,
        null,
        5,
        5,
        5,
        2,
        null,
        null,
        null,
        3,
        3,
        3,
        null,
        null,
        null,
        null,
        1,
        7,
        6,
        6,
        6,
        3,
        null,
        3,
        3,
        null,
        null,
        null,
        null,
        1,
        null,
        2,
        null,
        null,
        null,
        1,
        null,
        1,
        1,
        null,
        null,
        null,
        1,
        1,
        1,
        2,
        null,
        null,
        null,
        null,
        1,
        1,
        1,
        4,
        null,
        null,
        null,
        null,
        1,
        1,
        1,
        2,
        null,
        null,
        null,
        null,
        1,
        1,
        1,
        1,
        null,
        null,
        null,
        null,
        1,
        12,
        10,
        null,
        2,
        2,
        null,
        null,
        1,
        5,
        5,
        null,
        0,
        0,
        null,
        null,
        1,
        2,
        1,
        2,
        2,
        2,
        2,
        null,
        null,
        null,
        null,
        null,
        1,
        1,
        1,
        1,
        1,
        1,
        1,
        null,
        null,
        null,
        null,
        null,
        1,
        2,
        2,
        2,
        2,
        1,
        1,
        null,
        null,
        null,
        null,
        null,
        1,
        2,
        2,
        2,
        2,
        1,
        null,
        null,
        null,
        null,
        null,
        1,
        7,
        6,
        6,
        null,
        null,
        1,
        1,
        null,
        null,
        1,
        2,
        2,
        null,
        null,
        null,
        null,
        1,
        null,
        null,
        null,
        1,
        null,
        1,
        3,
        3,
        3,
        null,
        null,
        1,
        3,
        null,
        null,
        1,
        3,
        3,
        3,
        null,
        null,
        null,
        1,
        1,
        null,
        null,
        null,
        null,
        null,
        1,
        2,
        2,
        2,
        2,
        null,
        null,
        null,
        1,
        2,
        null,
        null,
        1,
        2,
        2,
        2,
        null,
        null,
        null,
        1,
        1,
        null,
        null,
        null,
        null,
        1,
        2,
        2,
        null,
        null,
        1,
        2,
        null,
        null,
        1,
        2,
        2,
        null,
        null,
        null,
        null,
        1,
        1,
        1,
        1,
        1,
        1,
        1,
        1,
        1,
        1,
        null,
        1
      ]
    },
    "timestamp": 1546902756
  }
}
